AndroidProjects/Chapter_7_Earthquake_Part_1/app/build/outputs/logs/manifest-merger-debug-report.txt
-- Merging decision tree log ---
manifest
ADDED from src\main\AndroidManifest.xml:2:1-24:12
	package
		ADDED from src\main\AndroidManifest.xml:3:3-32
		INJECTED from src\main\AndroidManifest.xml
		INJECTED from src\main\AndroidManifest.xml
	android:versionName
		ADDED from src\main\AndroidManifest.xml:5:3-28
		INJECTED from src\main\AndroidManifest.xml
		INJECTED from src\main\AndroidManifest.xml
	android:versionCode
		ADDED from src\main\AndroidManifest.xml:4:3-26
		INJECTED from src\main\AndroidManifest.xml
		INJECTED from src\main\AndroidManifest.xml
	xmlns:android
		ADDED from src\main\AndroidManifest.xml:2:11-69
uses-permission#android.permission.INTERNET
ADDED from src\main\AndroidManifest.xml:7:3-64
	android:name
		ADDED from src\main\AndroidManifest.xml:7:20-62
application
ADDED from src\main\AndroidManifest.xml:9:3-23:17
	android:label
		ADDED from src\main\AndroidManifest.xml:11:5-37
	android:icon
		ADDED from src\main\AndroidManifest.xml:10:5-41
activity#com.paad.earthquake.PreferencesActivity
ADDED from src\main\AndroidManifest.xml:12:5-14:16
	android:label
		ADDED from src\main\AndroidManifest.xml:13:7-45
	android:name
		ADDED from src\main\AndroidManifest.xml:12:15-50
activity#com.paad.earthquake.Earthquake
ADDED from src\main\AndroidManifest.xml:15:5-22:16
	android:label
		ADDED from src\main\AndroidManifest.xml:17:7-39
	android:name
		ADDED from src\main\AndroidManifest.xml:16:7-33
intent-filter#android.intent.action.MAIN+android.intent.category.LAUNCHER
ADDED from src\main\AndroidManifest.xml:18:7-21:23
action#android.intent.action.MAIN
ADDED from src\main\AndroidManifest.xml:19:9-61
	android:name
		ADDED from src\main\AndroidManifest.xml:19:17-58
category#android.intent.category.LAUNCHER
ADDED from src\main\AndroidManifest.xml:20:9-69
	android:name
		ADDED from src\main\AndroidManifest.xml:20:19-66
uses-sdk
INJECTED from src\main\AndroidManifest.xml reason: use-sdk injection requested
	android:targetSdkVersion
		INJECTED from src\main\AndroidManifest.xml
		INJECTED from src\main\AndroidManifest.xml
	android:minSdkVersion
		INJECTED from src\main\AndroidManifest.xml
		INJECTED from src\main\AndroidManifest.xml